U2FsdGVkX18TrSLuiOpjiM1msyLRbDrvYZGtKMw1aCHAL4SqugNAl5QGlL5/XWB2
DZD9G9GQrqLMdNah7XPp84Nc9aW9OatsIJPF3qXnvflfro7La6gw671BPXWe3aq4
aVCYAXkDiLItDghz01xuEm1voZp3QMdJ187EWRb3nQUHMRFbz+DWNlZjhr4uHvpW
NSUNTheFFJQB5LlLyaBXjxODyZmt+Cpr2a/qA18zY0OXMyoFR/zkmrfLXBxGWBvW
txlb+/kNaYXxsfIsi6NIqb0wLmkr3GUzer19kAOcMo2HxS69NZ+44nD/PqX2pS5c
p6gfvaaz7aRLyRCkXVhW/f/dS1QosYgRclj8lbylEvhUWxpdwFWsj2zo5vS/712b
hbRpJkzrNz0uGJz94NLzXEbI+FhSKG6j17ySuzKO8/VxwP+kHviSBV73kqswv9m2
jQiMNZ2ZL5e0zt1OKuE8hcSHkm95fwsndVzq1vQfN/gunznm8xX7eM3jf+5f+UUg
8u52uw3pot5t2oac3X+qvQDZ9xfuSdI9Inw/g9aaiHH8BSlNu4yAG90l5dBqocAW
b6sXV9MA6c1mfETS5xmg+1uVDZCkBezfpu4RrFqTPS7NgtOjq0NqKKc66xJI22iV
Vb5qGjAFYtKsiSjcZmOJ70i5CrrGM3cfxmaQwzPoX7FvBAAbmEfcnRIKbg+8/YVQ
PRWxBGamKDf3FnxOgRuBYL9wyW6+v0FNWBcWxJNVCCykt5WKHXlvMeCyudldoEtX
1iGl8xgIUEPcK3XVzDh/soBf4DwgecWcGKaABEcS2zp1wzvcjww7qPMwcHBPZnM5
I3ImQhJT1u/CliZA34APQ1GFo14t5LiQtguPaomU30NcEre5SDX3Y3vLEOsysWyO
fhAiYiNkXyrDJzZAeQ43KjriKYXSYgMo0PL0TB+oOd3/FmO+/ykWoOE3mURLDq62
szyYYxoPpHlU3oN8UYNKkyqLgt8iP4R2eBK+m/Z7K+5TGw+1+NPE5E1uktpq3Yhn
bhwqJZulDZxOkTlK8UCoV6HIpXgVqCLyp3hWvcBReFPkvyaCn/w1uBdO2rlNWI1t
lSqPTv2/jFeIHVS6Rq3KEo5PhPgovWIX49LQY1wDqgYY/uV6/4boRIU5rqcyH56J
9UmjxNLYMldkezdADFC2Imxqo6ntQmpCGDm7pg9DY9D/SBt3dUTTT4g5OyHWD1Ch
GtpfP4loTiwTSV6MkEjuvmd37oO8eTE2Bnyhb9LsUk6jqLHHt1S3B7uM9wiBXP4I
jhO6j1uWBBDBWsJhWJduBT+PX5J2nFiKCkjzzzCVGj18/ki06wRQAv+I5muwwQ53
hEsry0Cdgr1rhZpxf+nUhjApXfV2iTQcepxLbR0I1lkEKo1s3fa1Nr1qszjuYyM0
DIE9n8s5mGZmsnYURvF7KuZbzGDLRn+YKF/opcFEeLNtyR7T2tsFcT7Aghix9Ifk
cDEVYxk0w5Jle37Pk8HoRY9rV7ffqZs4Aw380Vgqgng=
